<?xml version="1.0" encoding="UTF-8"?>
<!-- Generated by org.testng.reporters.JUnitXMLReporter -->
<testsuite hostname="DESKTOP-HBF7D93" ignored="0" name="Test(failed)" tests="1" failures="1" timestamp="02 Mar 2019 14:27:33 GMT" time="0.067" errors="0">
  <testcase name="testsnapchat" time="0.017" classname="testngFailed.TestCase3">
    <failure type="java.lang.AssertionError" message="expected [true] but found [false]">
      <![CDATA[java.lang.AssertionError: expected [true] but found [false]
at testngFailed.TestCase3.testsnapchat(TestCase3.java:9)
... Removed 29 stack frames]]>
    </failure>
  </testcase> <!-- testsnapchat -->
</testsuite> <!-- Test(failed) -->
